<?xml version="1.0" encoding="UTF-8" ?>
<testsuite tests="1" failures="0" name="com.dcs.test.JWebUnitTest" time="14.061" errors="1" skipped="0">
  <properties>
[...]
</properties>
  <testcase classname="com.dcs.test.JWebUnitTest" name="testLoginPage" time="13.102">
    <error message="unexpected status code [404] at URL: [http://localhost:8080/BibliotecaImpressos/montar_folheto.jsp]" type="net.sourceforge.jwebunit.exception.TestingEngineResponseException">net.sourceforge.jwebunit.exception.TestingEngineResponseException: unexpected status code [404] at URL: [http://localhost:8080/BibliotecaImpressos/montar_folheto.jsp]
	at net.sourceforge.jwebunit.htmlunit.HtmlUnitTestingEngineImpl.gotoPage(HtmlUnitTestingEngineImpl.java:261)
	at net.sourceforge.jwebunit.htmlunit.HtmlUnitTestingEngineImpl.beginAt(HtmlUnitTestingEngineImpl.java:213)
	at net.sourceforge.jwebunit.junit.WebTester.beginAt(WebTester.java:234)
	at net.sourceforge.jwebunit.junit.JWebUnit.beginAt(JWebUnit.java:167)
	at com.dcs.test.JWebUnitTest.testLoginPage(JWebUnitTest.java:33)
	at sun.reflect.NativeMethodAccessorImpl.invoke0(Native Method)
	at sun.reflect.NativeMethodAccessorImpl.invoke(NativeMethodAccessorImpl.java:62)
	at sun.reflect.DelegatingMethodAccessorImpl.invoke(DelegatingMethodAccessorImpl.java:43)
	at java.lang.reflect.Method.invoke(Method.java:498)
	at org.junit.runners.model.FrameworkMethod$1.runReflectiveCall(FrameworkMethod.java:50)
	at org.junit.internal.runners.model.ReflectiveCallable.run(ReflectiveCallable.java:12)
	at org.junit.runners.model.FrameworkMethod.invokeExplosively(FrameworkMethod.java:47)
	at org.junit.internal.runners.statements.InvokeMethod.evaluate(InvokeMethod.java:17)
	at org.junit.internal.runners.statements.RunBefores.evaluate(RunBefores.java:26)
	at org.junit.runners.ParentRunner.runLeaf(ParentRunner.java:325)
	at org.junit.runners.BlockJUnit4ClassRunner.runChild(BlockJUnit4ClassRunner.java:78)
	at org.junit.runners.BlockJUnit4ClassRunner.runChild(BlockJUnit4ClassRunner.java:57)
	at org.junit.runners.ParentRunner$3.run(ParentRunner.java:290)
	at org.junit.runners.ParentRunner$1.schedule(ParentRunner.java:71)
	at org.junit.runners.ParentRunner.runChildren(ParentRunner.java:288)
	at org.junit.runners.ParentRunner.access$000(ParentRunner.java:58)
	at org.junit.runners.ParentRunner$2.evaluate(ParentRunner.java:268)
	at org.junit.runners.ParentRunner.run(ParentRunner.java:363)
	at org.apache.maven.surefire.junit4.JUnit4TestSet.execute(JUnit4TestSet.java:53)
	at org.apache.maven.surefire.junit4.JUnit4Provider.executeTestSet(JUnit4Provider.java:123)
	at org.apache.maven.surefire.junit4.JUnit4Provider.invoke(JUnit4Provider.java:104)
	at sun.reflect.NativeMethodAccessorImpl.invoke0(Native Method)
	at sun.reflect.NativeMethodAccessorImpl.invoke(NativeMethodAccessorImpl.java:62)
	at sun.reflect.DelegatingMethodAccessorImpl.invoke(DelegatingMethodAccessorImpl.java:43)
	at java.lang.reflect.Method.invoke(Method.java:498)
	at org.apache.maven.surefire.util.ReflectionUtils.invokeMethodWithArray(ReflectionUtils.java:164)
	at org.apache.maven.surefire.booter.ProviderFactory$ProviderProxy.invoke(ProviderFactory.java:110)
	at org.apache.maven.surefire.booter.SurefireStarter.invokeProvider(SurefireStarter.java:175)
	at org.apache.maven.surefire.booter.SurefireStarter.runSuitesInProcessWhenForked(SurefireStarter.java:107)
	at org.apache.maven.surefire.booter.ForkedBooter.main(ForkedBooter.java:68)
Caused by: com.gargoylesoftware.htmlunit.FailingHttpStatusCodeException: 404 Not Found for http://localhost:8080/BibliotecaImpressos/montar_folheto.jsp
	at com.gargoylesoftware.htmlunit.WebClient.throwFailingHttpStatusCodeExceptionIfNecessary(WebClient.java:535)
	at com.gargoylesoftware.htmlunit.WebClient.getPage(WebClient.java:360)
	at com.gargoylesoftware.htmlunit.WebClient.getPage(WebClient.java:415)
	at net.sourceforge.jwebunit.htmlunit.HtmlUnitTestingEngineImpl.gotoPage(HtmlUnitTestingEngineImpl.java:256)
	... 34 more
</error>
    <system-err>SLF4J: Failed to load class &quot;org.slf4j.impl.StaticLoggerBinder&quot;.
SLF4J: Defaulting to no-operation (NOP) logger implementation
SLF4J: See http://www.slf4j.org/codes.html#StaticLoggerBinder for further details.
</system-err>
  </testcase>
</testsuite>